<?xml version="1.0" encoding="UTF-8"?>
<!-- Generated by org.testng.reporters.JUnitXMLReporter -->
<testsuite hostname="DESKTOP-27L8JE7" ignored="1" name="regressionTest" tests="3" failures="0" timestamp="22 Jan 2020 13:11:19 GMT" time="0.108" errors="0">
  <testcase name="f" time="0.009" classname="com.project.CarrierIT.TC_006"/>
  <testcase name="f" time="0.006" classname="com.project.CarrierIT.TC_007"/>
  <testcase name="z" time="0.004" classname="com.project.CarrierIT.TC_007"/>
  <testcase name="a" time="0.0" classname="com.project.CarrierIT.TC_007">
    <ignored/>
  </testcase> <!-- a -->
</testsuite> <!-- regressionTest -->
