<?xml version="1.0" encoding="UTF-8"?>
<!-- Generated by org.testng.reporters.JUnitXMLReporter -->
<testsuite hostname="DESKTOP-27L8JE7" ignored="0" name="ChromeTest" tests="4" failures="0" timestamp="23 Jan 2020 13:29:57 GMT" time="55.723" errors="0">
  <testcase name="checkboxTest" time="0.453" classname="com.project.CarrierIT.testng.CheckBox1"/>
  <testcase name="amazon" time="6.372" classname="com.project.CarrierIT.testng.TC_008"/>
  <testcase name="radioTest" time="0.291" classname="com.project.CarrierIT.testng.RadioButton1"/>
  <testcase name="linktesting1" time="1.471" classname="com.project.CarrierIT.testng.LinksTesting1"/>
</testsuite> <!-- ChromeTest -->
